<?xml version="1.0" encoding="UTF-8"?>
<beans xmlns="http://www.springframework.org/schema/beans"
	xmlns:xsi="http://www.w3.org/2001/XMLSchema-instance"
	xmlns:context="http://www.springframework.org/schema/context"
	xmlns:p="http://www.springframework.org/schema/p"
	xsi:schemaLocation="http://www.springframework.org/schema/beans http://www.springframework.org/schema/beans/spring-beans-3.1.xsd
		http://www.springframework.org/schema/context http://www.springframework.org/schema/context/spring-context-3.1.xsd">

	<bean id="dataSource" class="org.springframework.jdbc.datasource.SimpleDriverDataSource">
		<property name="driverClass" value="oracle.jdbc.driver.OracleDriver" />
		<property name="url" value="jdbc:oracle:thin:@localhost:1521:orcl" />
		<property name="username" value="C##hansu" />
		<property name="password" value="tngh1228" />
	</bean>
	
	<bean id="userDao" class="com.tody.SF.common.dao.UserDaoJdbc">
		<property name="dataSource" ref="dataSource" />
	</bean>
	
	<bean id="transactionManager" class="org.springframework.jdbc.datasource.DataSourceTransactionManager">
		<property name="dataSource" ref="dataSource" />
	</bean>
	
	<bean id="mailSender" class="com.tody.SF.common.service.DumyMailSender">
	</bean>
	
	<bean id="userService" class="com.tody.SF.common.service.UserServiceImpl">
		<property name="userDao" ref="userDao" />
		<property name="mailSender" ref="mailSender" />
	</bean>
	
	<bean id="testUserService" class="JunitTest.UserServiceTest$TestUserServiceImpl" parent="userService"/>
	
	
	
	<?어드바이스?>
	<bean id="transactionAdvice" class="com.tody.SF.common.service.TransactionAdvice">
		<property name="transactionManager" ref="transactionManager" />
	</bean>
	<?포인트컷 - AspectJ?>
	<bean id="transactionPointcut" class="org.springframework.aop.aspectj.AspectJExpressionPointcut">
		<property name="expression" value = "execution(* *..*ServiceImpl.upgrade*(..))" />
	</bean>
	<?어드바이저?>
	<bean id="transactionAdvidor" class="org.springframework.aop.support.DefaultPointcutAdvisor">
		<property name="advice" ref="transactionAdvice" />
		<property name="pointcut" ref="transactionPointcut" />
	</bean>
	
	<bean class = "org.springframework.aop.framework.autoproxy.DefaultAdvisorAutoProxyCreator" />
</beans>
 