<?xml version="1.0" encoding="UTF-8"?>
<beans xmlns="http://www.springframework.org/schema/beans"
	xmlns:xsi="http://www.w3.org/2001/XMLSchema-instance"
	xmlns:context="http://www.springframework.org/schema/context"
	xmlns:p="http://www.springframework.org/schema/p"
	xmlns:aop="http://www.springframework.org/schema/aop"
	xmlns:tx="http://www.springframework.org/schema/tx"
	xsi:schemaLocation="http://www.springframework.org/schema/beans http://www.springframework.org/schema/beans/spring-beans-3.1.xsd 
	http://www.springframework.org/schema/context http://www.springframework.org/schema/context/spring-context-3.1.xsd
	http://www.springframework.org/schema/aop http://www.springframework.org/schema/aop/spring-aop-3.2.xsd
	http://www.springframework.org/schema/tx http://www.springframework.org/schema/tx/spring-tx-3.0.xsd">

	<bean id="dataSource" class="org.springframework.jdbc.datasource.SimpleDriverDataSource">
		<property name="driverClass" value="oracle.jdbc.driver.OracleDriver" />
		<property name="url" value="jdbc:oracle:thin:@localhost:1521:orcl" />
		<property name="username" value="C##hansu" />
		<property name="password" value="tngh1228" />
	</bean>
	
	<bean id="userDao" class="com.tody.SF.common.dao.UserDaoJdbc">
		<property name="dataSource" ref="dataSource" />
		<property name="sqlMap">
			<map>
				<entry key="add" value="insert into users(id, name, password, levels, login, recommend, email) values(?,?,?,?,?,?,?)"/>
				<entry key="get" value="SELECT * FROM users where id = ?"/>
				<entry key="getAll" value="SELECT * FROM users order by id"/>
				<entry key="deleteAll" value="delete from users"/>
				<entry key="getCount" value="SELECT count(*) AS TCOUNT FROM users"/>
				<entry key="update" value="update users set name = ?, password = ?, levels = ?, login = ?, recommend = ?, email = ? where id = ?"/>
			</map>
		</property>
	</bean>
	
	<bean id="transactionManager" class="org.springframework.jdbc.datasource.DataSourceTransactionManager">
		<property name="dataSource" ref="dataSource" />
	</bean>
	
	<bean id="mailSender" class="com.tody.SF.common.service.DumyMailSender">
	</bean>
	
	<bean id="userService" class="com.tody.SF.common.service.UserServiceImpl">
		<property name="userDao" ref="userDao" />
		<property name="mailSender" ref="mailSender" />
	</bean>
	
	<bean id="testUserService" class="JunitTest.UserServiceTest$TestUserService" parent="userService"/>
	
	<tx:annotation-driven />
	
	
</beans>
 